[2020-03-21 05:36:54.427] [exthost] [info] extension host started
[2020-03-21 05:36:54.548] [exthost] [info] ExtensionService#_doActivateExtension vscode.debug-auto-launch {"startup":true,"extensionId":{"value":"vscode.debug-auto-launch","_lower":"vscode.debug-auto-launch"},"activationEvent":"*"}
[2020-03-21 05:36:54.549] [exthost] [info] ExtensionService#loadCommonJSModule file:///mnt/c/pg/.vscode-server/bin/fe22a9645b44368865c0ba92e2fb881ff1afce94/extensions/debug-auto-launch/dist/extension
[2020-03-21 05:36:54.566] [exthost] [info] ExtensionService#_doActivateExtension vscode.emmet {"startup":true,"extensionId":{"value":"vscode.emmet","_lower":"vscode.emmet"},"activationEvent":"*"}
[2020-03-21 05:36:54.566] [exthost] [info] ExtensionService#loadCommonJSModule file:///mnt/c/pg/.vscode-server/bin/fe22a9645b44368865c0ba92e2fb881ff1afce94/extensions/emmet/dist/extension
[2020-03-21 05:36:54.629] [exthost] [info] ExtensionService#_doActivateExtension vscode.git {"startup":true,"extensionId":{"value":"vscode.git","_lower":"vscode.git"},"activationEvent":"*"}
[2020-03-21 05:36:54.630] [exthost] [info] ExtensionService#loadCommonJSModule file:///mnt/c/pg/.vscode-server/bin/fe22a9645b44368865c0ba92e2fb881ff1afce94/extensions/git/dist/main
[2020-03-21 05:36:54.753] [exthost] [info] ExtensionService#_doActivateExtension vscode.github-authentication {"startup":true,"extensionId":{"value":"vscode.github-authentication","_lower":"vscode.github-authentication"},"activationEvent":"*"}
[2020-03-21 05:36:54.753] [exthost] [info] ExtensionService#loadCommonJSModule file:///mnt/c/pg/.vscode-server/bin/fe22a9645b44368865c0ba92e2fb881ff1afce94/extensions/github-authentication/dist/extension.js
[2020-03-21 05:36:54.765] [exthost] [info] ExtensionService#_doActivateExtension vscode.merge-conflict {"startup":true,"extensionId":{"value":"vscode.merge-conflict","_lower":"vscode.merge-conflict"},"activationEvent":"*"}
[2020-03-21 05:36:54.765] [exthost] [info] ExtensionService#loadCommonJSModule file:///mnt/c/pg/.vscode-server/bin/fe22a9645b44368865c0ba92e2fb881ff1afce94/extensions/merge-conflict/dist/extension
[2020-03-21 05:36:54.780] [exthost] [info] ExtensionService#_doActivateExtension vscode.search-result {"startup":true,"extensionId":{"value":"vscode.search-result","_lower":"vscode.search-result"},"activationEvent":"*"}
[2020-03-21 05:36:54.780] [exthost] [info] ExtensionService#loadCommonJSModule file:///mnt/c/pg/.vscode-server/bin/fe22a9645b44368865c0ba92e2fb881ff1afce94/extensions/search-result/dist/extension.js
[2020-03-21 05:36:54.784] [exthost] [info] ExtensionService#_doActivateExtension vscode.vscode-account {"startup":true,"extensionId":{"value":"vscode.vscode-account","_lower":"vscode.vscode-account"},"activationEvent":"*"}
[2020-03-21 05:36:54.784] [exthost] [info] ExtensionService#loadCommonJSModule file:///mnt/c/pg/.vscode-server/bin/fe22a9645b44368865c0ba92e2fb881ff1afce94/extensions/vscode-account/dist/extension.js
[2020-03-21 05:36:54.835] [exthost] [info] eager extensions activated
[2020-03-21 05:37:00.731] [exthost] [info] ExtensionService#_doActivateExtension formulahendry.code-runner {"startup":false,"extensionId":{"value":"formulahendry.code-runner","_lower":"formulahendry.code-runner"},"activationEvent":"onCommand:code-runner.runCustomCommand"}
[2020-03-21 05:37:00.732] [exthost] [info] ExtensionService#loadCommonJSModule file:///mnt/c/pg/.vscode-server/extensions/formulahendry.code-runner-0.9.17/out/src/extension
[2020-03-21 16:50:42.026] [exthost] [info] ExtensionService#_doActivateExtension vscode.configuration-editing {"startup":false,"extensionId":{"value":"vscode.configuration-editing","_lower":"vscode.configuration-editing"},"activationEvent":"onLanguage:jsonc"}
[2020-03-21 16:50:42.028] [exthost] [info] ExtensionService#loadCommonJSModule file:///mnt/c/pg/.vscode-server/bin/fe22a9645b44368865c0ba92e2fb881ff1afce94/extensions/configuration-editing/dist/extension
[2020-03-21 16:50:42.051] [exthost] [info] ExtensionService#_doActivateExtension vscode.json-language-features {"startup":false,"extensionId":{"value":"vscode.json-language-features","_lower":"vscode.json-language-features"},"activationEvent":"onLanguage:jsonc"}
[2020-03-21 16:50:42.051] [exthost] [info] ExtensionService#loadCommonJSModule file:///mnt/c/pg/.vscode-server/bin/fe22a9645b44368865c0ba92e2fb881ff1afce94/extensions/json-language-features/client/dist/jsonMain
[2020-03-21 16:50:42.185] [exthost] [info] ExtensionService#_doActivateExtension vscode.typescript-language-features {"startup":false,"extensionId":{"value":"vscode.typescript-language-features","_lower":"vscode.typescript-language-features"},"activationEvent":"onLanguage:jsonc"}
[2020-03-21 16:50:42.185] [exthost] [info] ExtensionService#loadCommonJSModule file:///mnt/c/pg/.vscode-server/bin/fe22a9645b44368865c0ba92e2fb881ff1afce94/extensions/typescript-language-features/dist/extension
[2020-03-21 16:51:27.691] [exthost] [info] ExtensionService#_doActivateExtension vscode.extension-editing {"startup":false,"extensionId":{"value":"vscode.extension-editing","_lower":"vscode.extension-editing"},"activationEvent":"onLanguage:json"}
[2020-03-21 16:51:27.692] [exthost] [info] ExtensionService#loadCommonJSModule file:///mnt/c/pg/.vscode-server/bin/fe22a9645b44368865c0ba92e2fb881ff1afce94/extensions/extension-editing/dist/extension
[2020-03-21 16:51:27.717] [exthost] [info] ExtensionService#_doActivateExtension vscode.npm {"startup":false,"extensionId":{"value":"vscode.npm","_lower":"vscode.npm"},"activationEvent":"onLanguage:json"}
[2020-03-21 16:51:27.717] [exthost] [info] ExtensionService#loadCommonJSModule file:///mnt/c/pg/.vscode-server/bin/fe22a9645b44368865c0ba92e2fb881ff1afce94/extensions/npm/dist/main
